mode: set
github.com/chuxin0816/bluebell/controller/community.go:23.61,26.2 2 1
github.com/chuxin0816/bluebell/controller/community.go:28.81,30.16 2 1
github.com/chuxin0816/bluebell/controller/community.go:30.16,34.3 3 0
github.com/chuxin0816/bluebell/controller/community.go:35.2,36.109 2 1
github.com/chuxin0816/bluebell/controller/community.go:39.81,42.16 2 1
github.com/chuxin0816/bluebell/controller/community.go:42.16,46.3 3 0
github.com/chuxin0816/bluebell/controller/community.go:48.2,49.16 2 1
github.com/chuxin0816/bluebell/controller/community.go:49.16,53.3 3 1
github.com/chuxin0816/bluebell/controller/community.go:54.2,54.80 1 1
github.com/chuxin0816/bluebell/controller/post.go:27.51,30.2 2 0
github.com/chuxin0816/bluebell/controller/post.go:32.78,36.16 3 0
github.com/chuxin0816/bluebell/controller/post.go:36.16,40.3 3 0
github.com/chuxin0816/bluebell/controller/post.go:41.2,44.16 3 0
github.com/chuxin0816/bluebell/controller/post.go:44.16,48.3 3 0
github.com/chuxin0816/bluebell/controller/post.go:49.2,49.44 1 0
github.com/chuxin0816/bluebell/controller/post.go:52.76,55.16 2 0
github.com/chuxin0816/bluebell/controller/post.go:55.16,59.3 3 0
github.com/chuxin0816/bluebell/controller/post.go:61.2,62.16 2 0
github.com/chuxin0816/bluebell/controller/post.go:62.16,66.3 3 0
github.com/chuxin0816/bluebell/controller/post.go:68.2,69.16 2 0
github.com/chuxin0816/bluebell/controller/post.go:69.16,73.3 3 0
github.com/chuxin0816/bluebell/controller/post.go:74.2,74.53 1 0
github.com/chuxin0816/bluebell/controller/post.go:88.76,97.16 3 0
github.com/chuxin0816/bluebell/controller/post.go:97.16,101.3 3 0
github.com/chuxin0816/bluebell/controller/post.go:103.2,104.16 2 0
github.com/chuxin0816/bluebell/controller/post.go:104.16,108.3 3 0
github.com/chuxin0816/bluebell/controller/post.go:109.2,110.16 2 0
github.com/chuxin0816/bluebell/controller/post.go:110.16,114.3 3 0
github.com/chuxin0816/bluebell/controller/post.go:115.2,115.62 1 0
github.com/chuxin0816/bluebell/controller/post.go:118.76,122.16 3 0
github.com/chuxin0816/bluebell/controller/post.go:122.16,126.3 3 0
github.com/chuxin0816/bluebell/controller/post.go:127.2,130.16 3 0
github.com/chuxin0816/bluebell/controller/post.go:130.16,134.3 3 0
github.com/chuxin0816/bluebell/controller/post.go:135.2,135.44 1 0
github.com/chuxin0816/bluebell/controller/user.go:17.66,20.47 2 1
github.com/chuxin0816/bluebell/controller/user.go:20.47,24.3 3 1
github.com/chuxin0816/bluebell/controller/user.go:26.2,27.16 2 1
github.com/chuxin0816/bluebell/controller/user.go:27.16,29.43 2 1
github.com/chuxin0816/bluebell/controller/user.go:29.43,32.4 2 1
github.com/chuxin0816/bluebell/controller/user.go:33.3,34.9 2 0
github.com/chuxin0816/bluebell/controller/user.go:36.2,36.64 1 0
github.com/chuxin0816/bluebell/controller/user.go:39.63,42.47 2 1
github.com/chuxin0816/bluebell/controller/user.go:42.47,47.3 4 0
github.com/chuxin0816/bluebell/controller/user.go:49.2,50.16 2 1
github.com/chuxin0816/bluebell/controller/user.go:50.16,54.3 3 1
github.com/chuxin0816/bluebell/controller/user.go:55.2,55.64 1 1
